<?xml version="1.0" encoding="UTF-8"?>
<!-- Generated by org.testng.reporters.JUnitReportReporter -->
<testsuite hostname="LAPTOP-7NPMMCP5" failures="0" tests="1" name="myntra.test_userstories1" time="32.802" errors="0" timestamp="2023-06-09T22:18:18 IST" skipped="0">
  <testcase classname="myntra.test_userstories1" name="verify_user_can_login_successfully" time="32.802"/>
  <system-out/>
</testsuite> <!-- myntra.test_userstories1 -->
